#
# There is insufficient memory for the Java Runtime Environment to continue.
# Native memory allocation (mmap) failed to map 209715200 bytes for G1 virtual space
# Possible reasons:
#   The system is out of physical RAM or swap space
#   The process is running with CompressedOops enabled, and the Java Heap may be blocking the growth of the native heap
# Possible solutions:
#   Reduce memory load on the system
#   Increase physical memory or swap space
#   Check if swap backing store is full
#   Decrease Java heap size (-Xmx/-Xms)
#   Decrease number of Java threads
#   Decrease Java thread stack sizes (-Xss)
#   Set larger code cache with -XX:ReservedCodeCacheSize=
#   JVM is running with Unscaled Compressed Oops mode in which the Java heap is
#     placed in the first 4GB address space. The Java Heap base address is the
#     maximum limit for the native heap growth. Please use -XX:HeapBaseMinAddress
#     to set the Java Heap base and to place the Java Heap above 4GB virtual address.
# This output file may be truncated or incomplete.
#
#  Out of Memory Error (os_windows.cpp:3769), pid=16548, tid=28632
#
# JRE version: OpenJDK Runtime Environment (17.0.6) (build 17.0.6+0-b2043.56-10027231)
# Java VM: OpenJDK 64-Bit Server VM (17.0.6+0-b2043.56-10027231, mixed mode, tiered, compressed oops, compressed class ptrs, g1 gc, windows-amd64)
# No core dump will be written. Minidumps are not enabled by default on client versions of Windows
#

---------------  S U M M A R Y ------------

Command Line: --add-opens=java.base/java.util=ALL-UNNAMED --add-opens=java.base/java.lang=ALL-UNNAMED --add-opens=java.base/java.lang.invoke=ALL-UNNAMED --add-opens=java.base/java.util=ALL-UNNAMED --add-opens=java.prefs/java.util.prefs=ALL-UNNAMED --add-opens=java.prefs/java.util.prefs=ALL-UNNAMED --add-opens=java.base/java.nio.charset=ALL-UNNAMED --add-opens=java.base/java.net=ALL-UNNAMED --add-opens=java.base/java.util.concurrent.atomic=ALL-UNNAMED -Xmx1536M -Dfile.encoding=windows-1252 -Duser.country=US -Duser.language=en -Duser.variant org.gradle.launcher.daemon.bootstrap.GradleDaemon 7.5

Host: Intel(R) Core(TM) i7-6600U CPU @ 2.60GHz, 4 cores, 7G,  Windows 10 , 64 bit Build 19041 (10.0.19041.3636)
Time: Tue Jan 23 09:29:12 2024 Coordinated Universal Time elapsed time: 444.575190 seconds (0d 0h 7m 24s)

---------------  T H R E A D  ---------------

Current thread (0x0000019b5da1ef80):  VMThread "VM Thread" [stack: 0x0000005a35400000,0x0000005a35500000] [id=28632]

Stack: [0x0000005a35400000,0x0000005a35500000]
Native frames: (J=compiled Java code, j=interpreted, Vv=VM code, C=native code)
V  [jvm.dll+0x683c9a]
V  [jvm.dll+0x8427a4]
V  [jvm.dll+0x843f9e]
V  [jvm.dll+0x844603]
V  [jvm.dll+0x249b75]
V  [jvm.dll+0x680b69]
V  [jvm.dll+0x67505a]
V  [jvm.dll+0x309acb]
V  [jvm.dll+0x310f86]
V  [jvm.dll+0x3608ee]
V  [jvm.dll+0x360b1f]
V  [jvm.dll+0x2dfbf8]
V  [jvm.dll+0x2ddec4]
V  [jvm.dll+0x2dd4cc]
V  [jvm.dll+0x321f3b]
V  [jvm.dll+0x848ccb]
V  [jvm.dll+0x849a04]
V  [jvm.dll+0x849f1d]
V  [jvm.dll+0x84a2f4]
V  [jvm.dll+0x84a3c0]
V  [jvm.dll+0x7f274a]
V  [jvm.dll+0x682ad5]
C  [ucrtbase.dll+0x21bb2]
C  [KERNEL32.DLL+0x17344]
C  [ntdll.dll+0x526b1]

VM_Operation (0x0000005a36aef670): G1CollectForAllocation, mode: safepoint, requested by thread 0x0000019b5ff793b0


---------------  P R O C E S S  ---------------

Threads class SMR info:
_java_thread_list=0x0000019b654a4320, length=80, elements={
0x0000019b43845ed0, 0x0000019b5da233a0, 0x0000019b5da24120, 0x0000019b5e43d440,
0x0000019b5e440e20, 0x0000019b5e4416e0, 0x0000019b5da7f4c0, 0x0000019b5da820c0,
0x0000019b5da8d9f0, 0x0000019b5da8df00, 0x0000019b5e513ae0, 0x0000019b5e54fd50,
0x0000019b5f484590, 0x0000019b5ff78540, 0x0000019b5ff79880, 0x0000019b5ff78070,
0x0000019b5ff78a10, 0x0000019b5ff78ee0, 0x0000019b5ff793b0, 0x0000019b5f34d870,
0x0000019b5f34ca00, 0x0000019b5f34ced0, 0x0000019b5f34d3a0, 0x0000019b5f351230,
0x0000019b5f351700, 0x0000019b5f351bd0, 0x0000019b5f34f550, 0x0000019b5f34ebb0,
0x0000019b5f34fa20, 0x0000019b5f34dd40, 0x0000019b5f3520a0, 0x0000019b5f352570,
0x0000019b5f350890, 0x0000019b5f34fef0, 0x0000019b5f34e6e0, 0x0000019b5f350d60,
0x0000019b5f352f10, 0x0000019b5f34f080, 0x0000019b5f3533e0, 0x0000019b5f34c060,
0x0000019b5f34e210, 0x0000019b62b2a1a0, 0x0000019b62b267e0, 0x0000019b62b2a670,
0x0000019b62b2c350, 0x0000019b62b2c820, 0x0000019b62b26cb0, 0x0000019b62b28e60,
0x0000019b62b24fd0, 0x0000019b62b254a0, 0x0000019b62b27180, 0x0000019b62b2b010,
0x0000019b62b28990, 0x0000019b62b2ab40, 0x0000019b62b29330, 0x0000019b62b25970,
0x0000019b62b284c0, 0x0000019b62b2b4e0, 0x0000019b62b27b20, 0x0000019b62b25e40,
0x0000019b62b2b9b0, 0x0000019b62b2be80, 0x0000019b62b27ff0, 0x0000019b62b29800,
0x0000019b62b26310, 0x0000019b62b27650, 0x0000019b62b29cd0, 0x0000019b60f068f0,
0x0000019b60f0b120, 0x0000019b60f09de0, 0x0000019b60f055b0, 0x0000019b60f06dc0,
0x0000019b60f07290, 0x0000019b60f07760, 0x0000019b60f0bac0, 0x0000019b60f0a2b0,
0x0000019b60f09440, 0x0000019b60f09910, 0x0000019b60f07c30, 0x0000019b60f0a780
}

Java Threads: ( => current thread )
  0x0000019b43845ed0 JavaThread "main" [_thread_blocked, id=24168, stack(0x0000005a34e00000,0x0000005a34f00000)]
  0x0000019b5da233a0 JavaThread "Reference Handler" daemon [_thread_blocked, id=10720, stack(0x0000005a35500000,0x0000005a35600000)]
  0x0000019b5da24120 JavaThread "Finalizer" daemon [_thread_blocked, id=17808, stack(0x0000005a35600000,0x0000005a35700000)]
  0x0000019b5e43d440 JavaThread "Signal Dispatcher" daemon [_thread_blocked, id=24916, stack(0x0000005a35700000,0x0000005a35800000)]
  0x0000019b5e440e20 JavaThread "Attach Listener" daemon [_thread_blocked, id=8860, stack(0x0000005a35800000,0x0000005a35900000)]
  0x0000019b5e4416e0 JavaThread "Service Thread" daemon [_thread_blocked, id=6776, stack(0x0000005a35900000,0x0000005a35a00000)]
  0x0000019b5da7f4c0 JavaThread "Monitor Deflation Thread" daemon [_thread_blocked, id=16252, stack(0x0000005a35a00000,0x0000005a35b00000)]
  0x0000019b5da820c0 JavaThread "C2 CompilerThread0" daemon [_thread_blocked, id=19416, stack(0x0000005a35b00000,0x0000005a35c00000)]
  0x0000019b5da8d9f0 JavaThread "C1 CompilerThread0" daemon [_thread_blocked, id=7564, stack(0x0000005a35c00000,0x0000005a35d00000)]
  0x0000019b5da8df00 JavaThread "Sweeper thread" daemon [_thread_blocked, id=28216, stack(0x0000005a35d00000,0x0000005a35e00000)]
  0x0000019b5e513ae0 JavaThread "Common-Cleaner" daemon [_thread_blocked, id=20180, stack(0x0000005a35e00000,0x0000005a35f00000)]
  0x0000019b5e54fd50 JavaThread "Notification Thread" daemon [_thread_blocked, id=20952, stack(0x0000005a35f00000,0x0000005a36000000)]
  0x0000019b5f484590 JavaThread "Daemon health stats" [_thread_blocked, id=16312, stack(0x0000005a36400000,0x0000005a36500000)]
  0x0000019b5ff78540 JavaThread "Incoming local TCP Connector on port 6553" [_thread_in_native, id=24156, stack(0x0000005a36500000,0x0000005a36600000)]
  0x0000019b5ff79880 JavaThread "Daemon periodic checks" [_thread_blocked, id=25988, stack(0x0000005a36600000,0x0000005a36700000)]
  0x0000019b5ff78070 JavaThread "Daemon" [_thread_blocked, id=15168, stack(0x0000005a36700000,0x0000005a36800000)]
  0x0000019b5ff78a10 JavaThread "Handler for socket connection from /127.0.0.1:6553 to /127.0.0.1:6555" [_thread_in_native, id=28736, stack(0x0000005a36800000,0x0000005a36900000)]
  0x0000019b5ff78ee0 JavaThread "Cancel handler" [_thread_blocked, id=28840, stack(0x0000005a36900000,0x0000005a36a00000)]
  0x0000019b5ff793b0 JavaThread "Daemon worker" [_thread_blocked, id=6360, stack(0x0000005a36a00000,0x0000005a36b00000)]
  0x0000019b5f34d870 JavaThread "Asynchronous log dispatcher for DefaultDaemonConnection: socket connection from /127.0.0.1:6553 to /127.0.0.1:6555" [_thread_blocked, id=6372, stack(0x0000005a36b00000,0x0000005a36c00000)]
  0x0000019b5f34ca00 JavaThread "Stdin handler" [_thread_blocked, id=27284, stack(0x0000005a36c00000,0x0000005a36d00000)]
  0x0000019b5f34ced0 JavaThread "Daemon client event forwarder" [_thread_blocked, id=24172, stack(0x0000005a36d00000,0x0000005a36e00000)]
  0x0000019b5f34d3a0 JavaThread "Cache worker for journal cache (C:\Users\Danillo\.gradle\caches\journal-1)" [_thread_blocked, id=27680, stack(0x0000005a36e00000,0x0000005a36f00000)]
  0x0000019b5f351230 JavaThread "File lock request listener" [_thread_in_native, id=26804, stack(0x0000005a36f00000,0x0000005a37000000)]
  0x0000019b5f351700 JavaThread "Cache worker for file hash cache (C:\Users\Danillo\.gradle\caches\7.5\fileHashes)" [_thread_blocked, id=22840, stack(0x0000005a37000000,0x0000005a37100000)]
  0x0000019b5f351bd0 JavaThread "File watcher server" daemon [_thread_in_native, id=29664, stack(0x0000005a37100000,0x0000005a37200000)]
  0x0000019b5f34f550 JavaThread "File watcher consumer" daemon [_thread_blocked, id=26392, stack(0x0000005a37200000,0x0000005a37300000)]
  0x0000019b5f34ebb0 JavaThread "Cache worker for checksums cache (C:\Users\Danillo\Documents\Flutter Project\routes\android\.gradle\7.5\checksums)" [_thread_blocked, id=23664, stack(0x0000005a37300000,0x0000005a37400000)]
  0x0000019b5f34fa20 JavaThread "Cache worker for cache directory md-rule (C:\Users\Danillo\.gradle\caches\7.5\md-rule)" [_thread_blocked, id=7524, stack(0x0000005a37400000,0x0000005a37500000)]
  0x0000019b5f34dd40 JavaThread "Cache worker for file content cache (C:\Users\Danillo\.gradle\caches\7.5\fileContent)" [_thread_blocked, id=21000, stack(0x0000005a37500000,0x0000005a37600000)]
  0x0000019b5f3520a0 JavaThread "Cache worker for file hash cache (C:\Users\Danillo\Documents\Flutter Project\routes\android\.gradle\7.5\fileHashes)" [_thread_blocked, id=5360, stack(0x0000005a37600000,0x0000005a37700000)]
  0x0000019b5f352570 JavaThread "Cache worker for cache directory md-supplier (C:\Users\Danillo\.gradle\caches\7.5\md-supplier)" [_thread_blocked, id=2212, stack(0x0000005a37700000,0x0000005a37800000)]
  0x0000019b5f350890 JavaThread "Cache worker for execution history cache (C:\Users\Danillo\.gradle\caches\7.5\executionHistory)" [_thread_blocked, id=10436, stack(0x0000005a37800000,0x0000005a37900000)]
  0x0000019b5f34fef0 JavaThread "jar transforms" [_thread_blocked, id=30144, stack(0x0000005a37900000,0x0000005a37a00000)]
  0x0000019b5f34e6e0 JavaThread "jar transforms Thread 2" [_thread_blocked, id=4120, stack(0x0000005a37c00000,0x0000005a37d00000)]
  0x0000019b5f350d60 JavaThread "jar transforms Thread 3" [_thread_blocked, id=18092, stack(0x0000005a37d00000,0x0000005a37e00000)]
  0x0000019b5f352f10 JavaThread "jar transforms Thread 4" [_thread_blocked, id=20280, stack(0x0000005a37e00000,0x0000005a37f00000)]
  0x0000019b5f34f080 JavaThread "Cache worker for dependencies-accessors (C:\Users\Danillo\Documents\Flutter Project\routes\android\.gradle\7.5\dependencies-accessors)" [_thread_blocked, id=25652, stack(0x0000005a34c00000,0x0000005a34d00000)]
  0x0000019b5f3533e0 JavaThread "Cache worker for Build Output Cleanup Cache (C:\Users\Danillo\Documents\Flutter Project\routes\android\.gradle\buildOutputCleanup)" [_thread_blocked, id=23240, stack(0x0000005a34d00000,0x0000005a34e00000)]
  0x0000019b5f34c060 JavaThread "Unconstrained build operations" [_thread_blocked, id=29316, stack(0x0000005a37f00000,0x0000005a38000000)]
  0x0000019b5f34e210 JavaThread "Unconstrained build operations Thread 2" [_thread_blocked, id=6596, stack(0x0000005a38000000,0x0000005a38100000)]
  0x0000019b62b2a1a0 JavaThread "Unconstrained build operations Thread 3" [_thread_blocked, id=23140, stack(0x0000005a38100000,0x0000005a38200000)]
  0x0000019b62b267e0 JavaThread "Unconstrained build operations Thread 4" [_thread_blocked, id=15300, stack(0x0000005a38200000,0x0000005a38300000)]
  0x0000019b62b2a670 JavaThread "Unconstrained build operations Thread 5" [_thread_blocked, id=9748, stack(0x0000005a38300000,0x0000005a38400000)]
  0x0000019b62b2c350 JavaThread "Unconstrained build operations Thread 6" [_thread_blocked, id=22624, stack(0x0000005a38400000,0x0000005a38500000)]
  0x0000019b62b2c820 JavaThread "Unconstrained build operations Thread 7" [_thread_blocked, id=22516, stack(0x0000005a38500000,0x0000005a38600000)]
  0x0000019b62b26cb0 JavaThread "Unconstrained build operations Thread 8" [_thread_blocked, id=4304, stack(0x0000005a38600000,0x0000005a38700000)]
  0x0000019b62b28e60 JavaThread "Unconstrained build operations Thread 9" [_thread_blocked, id=17584, stack(0x0000005a38700000,0x0000005a38800000)]
  0x0000019b62b24fd0 JavaThread "Unconstrained build operations Thread 10" [_thread_blocked, id=29380, stack(0x0000005a38800000,0x0000005a38900000)]
  0x0000019b62b254a0 JavaThread "Unconstrained build operations Thread 11" [_thread_blocked, id=13184, stack(0x0000005a38900000,0x0000005a38a00000)]
  0x0000019b62b27180 JavaThread "Unconstrained build operations Thread 12" [_thread_blocked, id=19988, stack(0x0000005a38a00000,0x0000005a38b00000)]
  0x0000019b62b2b010 JavaThread "Unconstrained build operations Thread 13" [_thread_blocked, id=19136, stack(0x0000005a38b00000,0x0000005a38c00000)]
  0x0000019b62b28990 JavaThread "Unconstrained build operations Thread 14" [_thread_blocked, id=28652, stack(0x0000005a38c00000,0x0000005a38d00000)]
  0x0000019b62b2ab40 JavaThread "Unconstrained build operations Thread 15" [_thread_blocked, id=884, stack(0x0000005a38d00000,0x0000005a38e00000)]
  0x0000019b62b29330 JavaThread "Unconstrained build operations Thread 16" [_thread_blocked, id=10780, stack(0x0000005a38e00000,0x0000005a38f00000)]
  0x0000019b62b25970 JavaThread "Unconstrained build operations Thread 17" [_thread_blocked, id=10420, stack(0x0000005a38f00000,0x0000005a39000000)]
  0x0000019b62b284c0 JavaThread "Unconstrained build operations Thread 18" [_thread_blocked, id=21116, stack(0x0000005a39000000,0x0000005a39100000)]
  0x0000019b62b2b4e0 JavaThread "Unconstrained build operations Thread 19" [_thread_blocked, id=15136, stack(0x0000005a39100000,0x0000005a39200000)]
  0x0000019b62b27b20 JavaThread "Unconstrained build operations Thread 20" [_thread_blocked, id=25240, stack(0x0000005a39200000,0x0000005a39300000)]
  0x0000019b62b25e40 JavaThread "Unconstrained build operations Thread 21" [_thread_blocked, id=24572, stack(0x0000005a39300000,0x0000005a39400000)]
  0x0000019b62b2b9b0 JavaThread "Unconstrained build operations Thread 22" [_thread_blocked, id=26320, stack(0x0000005a39400000,0x0000005a39500000)]
  0x0000019b62b2be80 JavaThread "Unconstrained build operations Thread 23" [_thread_blocked, id=30360, stack(0x0000005a39500000,0x0000005a39600000)]
  0x0000019b62b27ff0 JavaThread "Unconstrained build operations Thread 24" [_thread_blocked, id=21828, stack(0x0000005a39600000,0x0000005a39700000)]
  0x0000019b62b29800 JavaThread "Unconstrained build operations Thread 25" [_thread_blocked, id=25516, stack(0x0000005a39700000,0x0000005a39800000)]
  0x0000019b62b26310 JavaThread "Unconstrained build operations Thread 26" [_thread_blocked, id=20268, stack(0x0000005a39800000,0x0000005a39900000)]
  0x0000019b62b27650 JavaThread "Unconstrained build operations Thread 27" [_thread_blocked, id=13472, stack(0x0000005a39900000,0x0000005a39a00000)]
  0x0000019b62b29cd0 JavaThread "Unconstrained build operations Thread 28" [_thread_blocked, id=12020, stack(0x0000005a39a00000,0x0000005a39b00000)]
  0x0000019b60f068f0 JavaThread "Unconstrained build operations Thread 29" [_thread_blocked, id=27716, stack(0x0000005a39b00000,0x0000005a39c00000)]
  0x0000019b60f0b120 JavaThread "Unconstrained build operations Thread 30" [_thread_blocked, id=23756, stack(0x0000005a39c00000,0x0000005a39d00000)]
  0x0000019b60f09de0 JavaThread "Unconstrained build operations Thread 31" [_thread_blocked, id=28868, stack(0x0000005a39d00000,0x0000005a39e00000)]
  0x0000019b60f055b0 JavaThread "Unconstrained build operations Thread 32" [_thread_blocked, id=27168, stack(0x0000005a39e00000,0x0000005a39f00000)]
  0x0000019b60f06dc0 JavaThread "Unconstrained build operations Thread 33" [_thread_blocked, id=26420, stack(0x0000005a39f00000,0x0000005a3a000000)]
  0x0000019b60f07290 JavaThread "Unconstrained build operations Thread 34" [_thread_blocked, id=16824, stack(0x0000005a3a000000,0x0000005a3a100000)]
  0x0000019b60f07760 JavaThread "Unconstrained build operations Thread 35" [_thread_blocked, id=10908, stack(0x0000005a3a100000,0x0000005a3a200000)]
  0x0000019b60f0bac0 JavaThread "Unconstrained build operations Thread 36" [_thread_blocked, id=18060, stack(0x0000005a3a200000,0x0000005a3a300000)]
  0x0000019b60f0a2b0 JavaThread "Unconstrained build operations Thread 37" [_thread_blocked, id=12864, stack(0x0000005a3a300000,0x0000005a3a400000)]
  0x0000019b60f09440 JavaThread "Unconstrained build operations Thread 38" [_thread_blocked, id=16696, stack(0x0000005a3a400000,0x0000005a3a500000)]
  0x0000019b60f09910 JavaThread "Unconstrained build operations Thread 39" [_thread_blocked, id=17072, stack(0x0000005a3a500000,0x0000005a3a600000)]
  0x0000019b60f07c30 JavaThread "Unconstrained build operations Thread 40" [_thread_blocked, id=15740, stack(0x0000005a3a600000,0x0000005a3a700000)]
  0x0000019b60f0a780 JavaThread "Memory manager" [_thread_blocked, id=26044, stack(0x0000005a37a00000,0x0000005a37b00000)]

Other Threads:
=>0x0000019b5da1ef80 VMThread "VM Thread" [stack: 0x0000005a35400000,0x0000005a35500000] [id=28632]
  0x0000019b5da37de0 WatcherThread [stack: 0x0000005a36000000,0x0000005a36100000] [id=3988]
  0x0000019b4388f7c0 GCTaskThread "GC Thread#0" [stack: 0x0000005a34f00000,0x0000005a35000000] [id=23348]
  0x0000019b5e7c1930 GCTaskThread "GC Thread#1" [stack: 0x0000005a36100000,0x0000005a36200000] [id=17988]
  0x0000019b5ea9da20 GCTaskThread "GC Thread#2" [stack: 0x0000005a36200000,0x0000005a36300000] [id=29460]
  0x0000019b5f0d7800 GCTaskThread "GC Thread#3" [stack: 0x0000005a36300000,0x0000005a36400000] [id=8692]
  0x0000019b4389c610 ConcurrentGCThread "G1 Main Marker" [stack: 0x0000005a35000000,0x0000005a35100000] [id=16868]
  0x0000019b4389cf30 ConcurrentGCThread "G1 Conc#0" [stack: 0x0000005a35100000,0x0000005a35200000] [id=28816]
  0x0000019b43904880 ConcurrentGCThread "G1 Refine#0" [stack: 0x0000005a35200000,0x0000005a35300000] [id=10284]
  0x0000019b439051b0 ConcurrentGCThread "G1 Service" [stack: 0x0000005a35300000,0x0000005a35400000] [id=6620]

Threads with active compile tasks:

VM state: at safepoint (normal execution)

VM Mutex/Monitor currently owned by a thread:  ([mutex/lock_event])
[0x0000019b438447e0] Threads_lock - owner thread: 0x0000019b5da1ef80
[0x0000019b438455f0] Heap_lock - owner thread: 0x0000019b5ff793b0

Heap address: 0x00000000a0000000, size: 1536 MB, Compressed Oops mode: 32-bit

CDS archive(s) not mapped
Compressed class space mapped at: 0x0000000100000000-0x0000000140000000, reserved size: 1073741824
Narrow klass base: 0x0000000000000000, Narrow klass shift: 3, Narrow klass range: 0x140000000

GC Precious Log:
 CPUs: 4 total, 4 available
 Memory: 7843M
 Large Page Support: Disabled
 NUMA Support: Disabled
 Compressed Oops: Enabled (32-bit)
 Heap Region Size: 1M
 Heap Min Capacity: 8M
 Heap Initial Capacity: 124M
 Heap Max Capacity: 1536M
 Pre-touch: Disabled
 Parallel Workers: 4
 Concurrent Workers: 1
 Concurrent Refinement Workers: 4
 Periodic GC: Disabled

Heap:
 garbage-first heap   total 155648K, used 75788K [0x00000000a0000000, 0x0000000100000000)
  region size 1024K, 3 young (3072K), 3 survivors (3072K)
 Metaspace       used 81572K, committed 82176K, reserved 1122304K
  class space    used 10532K, committed 10816K, reserved 1048576K

Heap Regions: E=young(eden), S=young(survivor), O=old, HS=humongous(starts), HC=humongous(continues), CS=collection set, F=free, OA=open archive, CA=closed archive, TAMS=top-at-mark-start (previous, next)
|   0|0x00000000a0000000, 0x00000000a0100000, 0x00000000a0100000|100%|HS|  |TAMS 0x00000000a0100000, 0x00000000a0000000| Complete 
|   1|0x00000000a0100000, 0x00000000a0200000, 0x00000000a0200000|100%|HC|  |TAMS 0x00000000a0200000, 0x00000000a0100000| Complete 
|   2|0x00000000a0200000, 0x00000000a0300000, 0x00000000a0300000|100%|HC|  |TAMS 0x00000000a0300000, 0x00000000a0200000| Complete 
|   3|0x00000000a0300000, 0x00000000a0400000, 0x00000000a0400000|100%| O|  |TAMS 0x00000000a0400000, 0x00000000a0300000| Untracked 
|   4|0x00000000a0400000, 0x00000000a0500000, 0x00000000a0500000|100%| O|  |TAMS 0x00000000a0500000, 0x00000000a0400000| Untracked 
|   5|0x00000000a0500000, 0x00000000a0600000, 0x00000000a0600000|100%| O|  |TAMS 0x00000000a0600000, 0x00000000a0500000| Untracked 
|   6|0x00000000a0600000, 0x00000000a0700000, 0x00000000a0700000|100%| O|  |TAMS 0x00000000a0700000, 0x00000000a0600000| Untracked 
|   7|0x00000000a0700000, 0x00000000a0800000, 0x00000000a0800000|100%| O|  |TAMS 0x00000000a0800000, 0x00000000a0700000| Untracked 
|   8|0x00000000a0800000, 0x00000000a0900000, 0x00000000a0900000|100%| O|  |TAMS 0x00000000a0900000, 0x00000000a0800000| Untracked 
|   9|0x00000000a0900000, 0x00000000a0a00000, 0x00000000a0a00000|100%| O|  |TAMS 0x00000000a0a00000, 0x00000000a0900000| Untracked 
|  10|0x00000000a0a00000, 0x00000000a0b00000, 0x00000000a0b00000|100%| O|  |TAMS 0x00000000a0b00000, 0x00000000a0a00000| Untracked 
|  11|0x00000000a0b00000, 0x00000000a0c00000, 0x00000000a0c00000|100%| O|  |TAMS 0x00000000a0c00000, 0x00000000a0b00000| Untracked 
|  12|0x00000000a0c00000, 0x00000000a0d00000, 0x00000000a0d00000|100%| O|  |TAMS 0x00000000a0d00000, 0x00000000a0c00000| Untracked 
|  13|0x00000000a0d00000, 0x00000000a0e00000, 0x00000000a0e00000|100%| O|  |TAMS 0x00000000a0e00000, 0x00000000a0d00000| Untracked 
|  14|0x00000000a0e00000, 0x00000000a0f00000, 0x00000000a0f00000|100%| O|  |TAMS 0x00000000a0f00000, 0x00000000a0e00000| Untracked 
|  15|0x00000000a0f00000, 0x00000000a1000000, 0x00000000a1000000|100%| O|  |TAMS 0x00000000a1000000, 0x00000000a0f00000| Untracked 
|  16|0x00000000a1000000, 0x00000000a1100000, 0x00000000a1100000|100%| O|  |TAMS 0x00000000a1100000, 0x00000000a1000000| Untracked 
|  17|0x00000000a1100000, 0x00000000a1200000, 0x00000000a1200000|100%| O|  |TAMS 0x00000000a1200000, 0x00000000a1100000| Untracked 
|  18|0x00000000a1200000, 0x00000000a1300000, 0x00000000a1300000|100%| O|  |TAMS 0x00000000a1300000, 0x00000000a1200000| Untracked 
|  19|0x00000000a1300000, 0x00000000a1400000, 0x00000000a1400000|100%| O|  |TAMS 0x00000000a1400000, 0x00000000a1300000| Untracked 
|  20|0x00000000a1400000, 0x00000000a1500000, 0x00000000a1500000|100%| O|  |TAMS 0x00000000a1500000, 0x00000000a1400000| Untracked 
|  21|0x00000000a1500000, 0x00000000a1600000, 0x00000000a1600000|100%| O|  |TAMS 0x00000000a1600000, 0x00000000a1500000| Untracked 
|  22|0x00000000a1600000, 0x00000000a1700000, 0x00000000a1700000|100%| O|  |TAMS 0x00000000a1700000, 0x00000000a1600000| Untracked 
|  23|0x00000000a1700000, 0x00000000a1800000, 0x00000000a1800000|100%| O|  |TAMS 0x00000000a1800000, 0x00000000a1700000| Untracked 
|  24|0x00000000a1800000, 0x00000000a1900000, 0x00000000a1900000|100%| O|  |TAMS 0x00000000a1900000, 0x00000000a1800000| Untracked 
|  25|0x00000000a1900000, 0x00000000a1a00000, 0x00000000a1a00000|100%| O|  |TAMS 0x00000000a1a00000, 0x00000000a1900000| Untracked 
|  26|0x00000000a1a00000, 0x00000000a1b00000, 0x00000000a1b00000|100%| O|  |TAMS 0x00000000a1b00000, 0x00000000a1a00000| Untracked 
|  27|0x00000000a1b00000, 0x00000000a1c00000, 0x00000000a1c00000|100%| O|  |TAMS 0x00000000a1c00000, 0x00000000a1b00000| Untracked 
|  28|0x00000000a1c00000, 0x00000000a1d00000, 0x00000000a1d00000|100%| O|  |TAMS 0x00000000a1d00000, 0x00000000a1c00000| Untracked 
|  29|0x00000000a1d00000, 0x00000000a1e00000, 0x00000000a1e00000|100%| O|  |TAMS 0x00000000a1e00000, 0x00000000a1d00000| Untracked 
|  30|0x00000000a1e00000, 0x00000000a1f00000, 0x00000000a1f00000|100%| O|  |TAMS 0x00000000a1f00000, 0x00000000a1e00000| Untracked 
|  31|0x00000000a1f00000, 0x00000000a2000000, 0x00000000a2000000|100%| O|  |TAMS 0x00000000a2000000, 0x00000000a1f00000| Untracked 
|  32|0x00000000a2000000, 0x00000000a2100000, 0x00000000a2100000|100%| O|  |TAMS 0x00000000a2100000, 0x00000000a2000000| Untracked 
|  33|0x00000000a2100000, 0x00000000a2200000, 0x00000000a2200000|100%| O|  |TAMS 0x00000000a2200000, 0x00000000a2100000| Untracked 
|  34|0x00000000a2200000, 0x00000000a2300000, 0x00000000a2300000|100%| O|  |TAMS 0x00000000a2300000, 0x00000000a2200000| Untracked 
|  35|0x00000000a2300000, 0x00000000a2400000, 0x00000000a2400000|100%| O|  |TAMS 0x00000000a2400000, 0x00000000a2300000| Untracked 
|  36|0x00000000a2400000, 0x00000000a2500000, 0x00000000a2500000|100%| O|  |TAMS 0x00000000a2500000, 0x00000000a2400000| Untracked 
|  37|0x00000000a2500000, 0x00000000a2600000, 0x00000000a2600000|100%| O|  |TAMS 0x00000000a2600000, 0x00000000a2500000| Untracked 
|  38|0x00000000a2600000, 0x00000000a2700000, 0x00000000a2700000|100%| O|  |TAMS 0x00000000a2700000, 0x00000000a2600000| Untracked 
|  39|0x00000000a2700000, 0x00000000a2800000, 0x00000000a2800000|100%| O|  |TAMS 0x00000000a2800000, 0x00000000a2700000| Untracked 
|  40|0x00000000a2800000, 0x00000000a2900000, 0x00000000a2900000|100%| O|  |TAMS 0x00000000a2900000, 0x00000000a2800000| Untracked 
|  41|0x00000000a2900000, 0x00000000a2a00000, 0x00000000a2a00000|100%| O|  |TAMS 0x00000000a2900000, 0x00000000a2900000| Untracked 
|  42|0x00000000a2a00000, 0x00000000a2b00000, 0x00000000a2b00000|100%| O|  |TAMS 0x00000000a2b00000, 0x00000000a2a00000| Untracked 
|  43|0x00000000a2b00000, 0x00000000a2c00000, 0x00000000a2c00000|100%| O|  |TAMS 0x00000000a2c00000, 0x00000000a2b00000| Untracked 
|  44|0x00000000a2c00000, 0x00000000a2d00000, 0x00000000a2d00000|100%| O|  |TAMS 0x00000000a2cf2e00, 0x00000000a2c00000| Untracked 
|  45|0x00000000a2d00000, 0x00000000a2de4c00, 0x00000000a2e00000| 89%| O|  |TAMS 0x00000000a2d00000, 0x00000000a2d00000| Untracked 
|  46|0x00000000a2e00000, 0x00000000a2e00000, 0x00000000a2f00000|  0%| F|  |TAMS 0x00000000a2e00000, 0x00000000a2e00000| Untracked 
|  47|0x00000000a2f00000, 0x00000000a2f00000, 0x00000000a3000000|  0%| F|  |TAMS 0x00000000a2f00000, 0x00000000a2f00000| Untracked 
|  48|0x00000000a3000000, 0x00000000a3000000, 0x00000000a3100000|  0%| F|  |TAMS 0x00000000a3000000, 0x00000000a3000000| Untracked 
|  49|0x00000000a3100000, 0x00000000a3200000, 0x00000000a3200000|100%| O|  |TAMS 0x00000000a3200000, 0x00000000a3100000| Untracked 
|  50|0x00000000a3200000, 0x00000000a3300000, 0x00000000a3300000|100%| O|  |TAMS 0x00000000a3300000, 0x00000000a3200000| Untracked 
|  51|0x00000000a3300000, 0x00000000a3400000, 0x00000000a3400000|100%|HS|  |TAMS 0x00000000a3400000, 0x00000000a3300000| Complete 
|  52|0x00000000a3400000, 0x00000000a3400000, 0x00000000a3500000|  0%| F|  |TAMS 0x00000000a3400000, 0x00000000a3400000| Untracked 
|  53|0x00000000a3500000, 0x00000000a3600000, 0x00000000a3600000|100%| O|  |TAMS 0x00000000a3600000, 0x00000000a3500000| Untracked 
|  54|0x00000000a3600000, 0x00000000a3700000, 0x00000000a3700000|100%|HS|  |TAMS 0x00000000a3700000, 0x00000000a3600000| Complete 
|  55|0x00000000a3700000, 0x00000000a3800000, 0x00000000a3800000|100%|HS|  |TAMS 0x00000000a3800000, 0x00000000a3700000| Complete 
|  56|0x00000000a3800000, 0x00000000a3900000, 0x00000000a3900000|100%|HS|  |TAMS 0x00000000a3900000, 0x00000000a3800000| Complete 
|  57|0x00000000a3900000, 0x00000000a3a00000, 0x00000000a3a00000|100%|HC|  |TAMS 0x00000000a3a00000, 0x00000000a3900000| Complete 
|  58|0x00000000a3a00000, 0x00000000a3b00000, 0x00000000a3b00000|100%|HC|  |TAMS 0x00000000a3b00000, 0x00000000a3a00000| Complete 
|  59|0x00000000a3b00000, 0x00000000a3c00000, 0x00000000a3c00000|100%|HS|  |TAMS 0x00000000a3c00000, 0x00000000a3b00000| Complete 
|  60|0x00000000a3c00000, 0x00000000a3d00000, 0x00000000a3d00000|100%|HC|  |TAMS 0x00000000a3d00000, 0x00000000a3c00000| Complete 
|  61|0x00000000a3d00000, 0x00000000a3e00000, 0x00000000a3e00000|100%| O|  |TAMS 0x00000000a3e00000, 0x00000000a3d00000| Untracked 
|  62|0x00000000a3e00000, 0x00000000a3f00000, 0x00000000a3f00000|100%| O|  |TAMS 0x00000000a3f00000, 0x00000000a3e00000| Untracked 
|  63|0x00000000a3f00000, 0x00000000a4000000, 0x00000000a4000000|100%| O|  |TAMS 0x00000000a4000000, 0x00000000a3f00000| Untracked 
|  64|0x00000000a4000000, 0x00000000a4100000, 0x00000000a4100000|100%| O|  |TAMS 0x00000000a4100000, 0x00000000a4000000| Untracked 
|  65|0x00000000a4100000, 0x00000000a4200000, 0x00000000a4200000|100%| O|  |TAMS 0x00000000a4200000, 0x00000000a4100000| Untracked 
|  66|0x00000000a4200000, 0x00000000a4300000, 0x00000000a4300000|100%| O|  |TAMS 0x00000000a4300000, 0x00000000a4200000| Untracked 
|  67|0x00000000a4300000, 0x00000000a4400000, 0x00000000a4400000|100%| O|  |TAMS 0x00000000a4400000, 0x00000000a4300000| Untracked 
|  68|0x00000000a4400000, 0x00000000a4500000, 0x00000000a4500000|100%| O|  |TAMS 0x00000000a4500000, 0x00000000a4400000| Untracked 
|  69|0x00000000a4500000, 0x00000000a4600000, 0x00000000a4600000|100%| O|  |TAMS 0x00000000a4600000, 0x00000000a4500000| Untracked 
|  70|0x00000000a4600000, 0x00000000a4700000, 0x00000000a4700000|100%| O|  |TAMS 0x00000000a4700000, 0x00000000a4600000| Untracked 
|  71|0x00000000a4700000, 0x00000000a4800000, 0x00000000a4800000|100%| O|  |TAMS 0x00000000a4800000, 0x00000000a4700000| Untracked 
|  72|0x00000000a4800000, 0x00000000a4900000, 0x00000000a4900000|100%| O|  |TAMS 0x00000000a4900000, 0x00000000a4800000| Untracked 
|  73|0x00000000a4900000, 0x00000000a4a00000, 0x00000000a4a00000|100%| O|  |TAMS 0x00000000a4a00000, 0x00000000a4900000| Untracked 
|  74|0x00000000a4a00000, 0x00000000a4b00000, 0x00000000a4b00000|100%| O|  |TAMS 0x00000000a4b00000, 0x00000000a4a00000| Untracked 
|  75|0x00000000a4b00000, 0x00000000a4c00000, 0x00000000a4c00000|100%| O|  |TAMS 0x00000000a4c00000, 0x00000000a4b00000| Untracked 
|  76|0x00000000a4c00000, 0x00000000a4c00000, 0x00000000a4d00000|  0%| F|  |TAMS 0x00000000a4c00000, 0x00000000a4c00000| Untracked 
|  77|0x00000000a4d00000, 0x00000000a4d00000, 0x00000000a4e00000|  0%| F|  |TAMS 0x00000000a4d00000, 0x00000000a4d00000| Untracked 
|  78|0x00000000a4e00000, 0x00000000a4e00000, 0x00000000a4f00000|  0%| F|  |TAMS 0x00000000a4e00000, 0x00000000a4e00000| Untracked 
|  79|0x00000000a4f00000, 0x00000000a4f00000, 0x00000000a5000000|  0%| F|  |TAMS 0x00000000a4f00000, 0x00000000a4f00000| Untracked 
|  80|0x00000000a5000000, 0x00000000a5000000, 0x00000000a5100000|  0%| F|  |TAMS 0x00000000a5000000, 0x00000000a5000000| Untracked 
|  81|0x00000000a5100000, 0x00000000a5100000, 0x00000000a5200000|  0%| F|  |TAMS 0x00000000a5100000, 0x00000000a5100000| Untracked 
|  82|0x00000000a5200000, 0x00000000a5200000, 0x00000000a5300000|  0%| F|  |TAMS 0x00000000a5200000, 0x00000000a5200000| Untracked 
|  83|0x00000000a5300000, 0x00000000a5300000, 0x00000000a5400000|  0%| F|  |TAMS 0x00000000a5300000, 0x00000000a5300000| Untracked 
|  84|0x00000000a5400000, 0x00000000a5400000, 0x00000000a5500000|  0%| F|  |TAMS 0x00000000a5400000, 0x00000000a5400000| Untracked 
|  85|0x00000000a5500000, 0x00000000a5500000, 0x00000000a5600000|  0%| F|  |TAMS 0x00000000a5500000, 0x00000000a5500000| Untracked 
|  86|0x00000000a5600000, 0x00000000a5600000, 0x00000000a5700000|  0%| F|  |TAMS 0x00000000a5600000, 0x00000000a5600000| Untracked 
|  87|0x00000000a5700000, 0x00000000a5700000, 0x00000000a5800000|  0%| F|  |TAMS 0x00000000a5700000, 0x00000000a5700000| Untracked 
|  88|0x00000000a5800000, 0x00000000a5800000, 0x00000000a5900000|  0%| F|  |TAMS 0x00000000a5800000, 0x00000000a5800000| Untracked 
|  89|0x00000000a5900000, 0x00000000a5900000, 0x00000000a5a00000|  0%| F|  |TAMS 0x00000000a5900000, 0x00000000a5900000| Untracked 
|  90|0x00000000a5a00000, 0x00000000a5a00000, 0x00000000a5b00000|  0%| F|  |TAMS 0x00000000a5a00000, 0x00000000a5a00000| Untracked 
|  91|0x00000000a5b00000, 0x00000000a5b00000, 0x00000000a5c00000|  0%| F|  |TAMS 0x00000000a5b00000, 0x00000000a5b00000| Untracked 
|  92|0x00000000a5c00000, 0x00000000a5c1e6e0, 0x00000000a5d00000| 11%| S|CS|TAMS 0x00000000a5c00000, 0x00000000a5c00000| Complete 
|  93|0x00000000a5d00000, 0x00000000a5e00000, 0x00000000a5e00000|100%| S|CS|TAMS 0x00000000a5d00000, 0x00000000a5d00000| Complete 
|  94|0x00000000a5e00000, 0x00000000a5f00000, 0x00000000a5f00000|100%| S|CS|TAMS 0x00000000a5e00000, 0x00000000a5e00000| Complete 
|  95|0x00000000a5f00000, 0x00000000a5f00000, 0x00000000a6000000|  0%| F|  |TAMS 0x00000000a5f00000, 0x00000000a5f00000| Untracked 
|  96|0x00000000a6000000, 0x00000000a6000000, 0x00000000a6100000|  0%| F|  |TAMS 0x00000000a6000000, 0x00000000a6000000| Untracked 
|  97|0x00000000a6100000, 0x00000000a6100000, 0x00000000a6200000|  0%| F|  |TAMS 0x00000000a6100000, 0x00000000a6100000| Untracked 
|  98|0x00000000a6200000, 0x00000000a6200000, 0x00000000a6300000|  0%| F|  |TAMS 0x00000000a6200000, 0x00000000a6200000| Untracked 
|  99|0x00000000a6300000, 0x00000000a6300000, 0x00000000a6400000|  0%| F|  |TAMS 0x00000000a6300000, 0x00000000a6300000| Untracked 
| 100|0x00000000a6400000, 0x00000000a6400000, 0x00000000a6500000|  0%| F|  |TAMS 0x00000000a6400000, 0x00000000a6400000| Untracked 
| 101|0x00000000a6500000, 0x00000000a6500000, 0x00000000a6600000|  0%| F|  |TAMS 0x00000000a6500000, 0x00000000a6500000| Untracked 
| 102|0x00000000a6600000, 0x00000000a6600000, 0x00000000a6700000|  0%| F|  |TAMS 0x00000000a6600000, 0x00000000a6600000| Untracked 
| 103|0x00000000a6700000, 0x00000000a6700000, 0x00000000a6800000|  0%| F|  |TAMS 0x00000000a6700000, 0x00000000a6700000| Untracked 
| 104|0x00000000a6800000, 0x00000000a6800000, 0x00000000a6900000|  0%| F|  |TAMS 0x00000000a6800000, 0x00000000a6800000| Untracked 
| 105|0x00000000a6900000, 0x00000000a6900000, 0x00000000a6a00000|  0%| F|  |TAMS 0x00000000a6900000, 0x00000000a6900000| Untracked 
| 106|0x00000000a6a00000, 0x00000000a6a00000, 0x00000000a6b00000|  0%| F|  |TAMS 0x00000000a6a00000, 0x00000000a6a00000| Untracked 
| 107|0x00000000a6b00000, 0x00000000a6b00000, 0x00000000a6c00000|  0%| F|  |TAMS 0x00000000a6b00000, 0x00000000a6b00000| Untracked 
| 108|0x00000000a6c00000, 0x00000000a6c00000, 0x00000000a6d00000|  0%| F|  |TAMS 0x00000000a6c00000, 0x00000000a6c00000| Untracked 
| 109|0x00000000a6d00000, 0x00000000a6d00000, 0x00000000a6e00000|  0%| F|  |TAMS 0x00000000a6d00000, 0x00000000a6d00000| Untracked 
| 110|0x00000000a6e00000, 0x00000000a6e00000, 0x00000000a6f00000|  0%| F|  |TAMS 0x00000000a6e00000, 0x00000000a6e00000| Untracked 
| 111|0x00000000a6f00000, 0x00000000a6f00000, 0x00000000a7000000|  0%| F|  |TAMS 0x00000000a6f00000, 0x00000000a6f00000| Untracked 
| 112|0x00000000a7000000, 0x00000000a7000000, 0x00000000a7100000|  0%| F|  |TAMS 0x00000000a7000000, 0x00000000a7000000| Untracked 
| 113|0x00000000a7100000, 0x00000000a7100000, 0x00000000a7200000|  0%| F|  |TAMS 0x00000000a7100000, 0x00000000a7100000| Untracked 
| 114|0x00000000a7200000, 0x00000000a7200000, 0x00000000a7300000|  0%| F|  |TAMS 0x00000000a7200000, 0x00000000a7200000| Untracked 
| 115|0x00000000a7300000, 0x00000000a7300000, 0x00000000a7400000|  0%| F|  |TAMS 0x00000000a7300000, 0x00000000a7300000| Untracked 
| 116|0x00000000a7400000, 0x00000000a7400000, 0x00000000a7500000|  0%| F|  |TAMS 0x00000000a7400000, 0x00000000a7400000| Untracked 
| 117|0x00000000a7500000, 0x00000000a7500000, 0x00000000a7600000|  0%| F|  |TAMS 0x00000000a7500000, 0x00000000a7500000| Untracked 
| 118|0x00000000a7600000, 0x00000000a7600000, 0x00000000a7700000|  0%| F|  |TAMS 0x00000000a7600000, 0x00000000a7600000| Untracked 
| 119|0x00000000a7700000, 0x00000000a7700000, 0x00000000a7800000|  0%| F|  |TAMS 0x00000000a7700000, 0x00000000a7700000| Untracked 
| 120|0x00000000a7800000, 0x00000000a7800000, 0x00000000a7900000|  0%| F|  |TAMS 0x00000000a7800000, 0x00000000a7800000| Untracked 
| 121|0x00000000a7900000, 0x00000000a7900000, 0x00000000a7a00000|  0%| F|  |TAMS 0x00000000a7900000, 0x00000000a7900000| Untracked 
| 122|0x00000000a7a00000, 0x00000000a7a00000, 0x00000000a7b00000|  0%| F|  |TAMS 0x00000000a7a00000, 0x00000000a7a00000| Untracked 
| 123|0x00000000a7b00000, 0x00000000a7b00000, 0x00000000a7c00000|  0%| F|  |TAMS 0x00000000a7b00000, 0x00000000a7b00000| Untracked 
| 124|0x00000000a7c00000, 0x00000000a7c00000, 0x00000000a7d00000|  0%| F|  |TAMS 0x00000000a7c00000, 0x00000000a7c00000| Untracked 
| 125|0x00000000a7d00000, 0x00000000a7d00000, 0x00000000a7e00000|  0%| F|  |TAMS 0x00000000a7d00000, 0x00000000a7d00000| Untracked 
| 126|0x00000000a7e00000, 0x00000000a7e00000, 0x00000000a7f00000|  0%| F|  |TAMS 0x00000000a7e00000, 0x00000000a7e00000| Untracked 
| 127|0x00000000a7f00000, 0x00000000a7f00000, 0x00000000a8000000|  0%| F|  |TAMS 0x00000000a7f00000, 0x00000000a7f00000| Untracked 
| 128|0x00000000a8000000, 0x00000000a8000000, 0x00000000a8100000|  0%| F|  |TAMS 0x00000000a8000000, 0x00000000a8000000| Untracked 
| 129|0x00000000a8100000, 0x00000000a8100000, 0x00000000a8200000|  0%| F|  |TAMS 0x00000000a8100000, 0x00000000a8100000| Untracked 
| 130|0x00000000a8200000, 0x00000000a8200000, 0x00000000a8300000|  0%| F|  |TAMS 0x00000000a8200000, 0x00000000a8200000| Untracked 
| 131|0x00000000a8300000, 0x00000000a8300000, 0x00000000a8400000|  0%| F|  |TAMS 0x00000000a8300000, 0x00000000a8300000| Untracked 
| 132|0x00000000a8400000, 0x00000000a8400000, 0x00000000a8500000|  0%| F|  |TAMS 0x00000000a8400000, 0x00000000a8400000| Untracked 
| 133|0x00000000a8500000, 0x00000000a8500000, 0x00000000a8600000|  0%| F|  |TAMS 0x00000000a8500000, 0x00000000a8500000| Untracked 
| 134|0x00000000a8600000, 0x00000000a8600000, 0x00000000a8700000|  0%| F|  |TAMS 0x00000000a8600000, 0x00000000a8600000| Untracked 
| 135|0x00000000a8700000, 0x00000000a8700000, 0x00000000a8800000|  0%| F|  |TAMS 0x00000000a8700000, 0x00000000a8700000| Untracked 
| 136|0x00000000a8800000, 0x00000000a8800000, 0x00000000a8900000|  0%| F|  |TAMS 0x00000000a8800000, 0x00000000a8800000| Untracked 
| 137|0x00000000a8900000, 0x00000000a8900000, 0x00000000a8a00000|  0%| F|  |TAMS 0x00000000a8900000, 0x00000000a8900000| Untracked 
| 138|0x00000000a8a00000, 0x00000000a8a00000, 0x00000000a8b00000|  0%| F|  |TAMS 0x00000000a8a00000, 0x00000000a8a00000| Untracked 
| 139|0x00000000a8b00000, 0x00000000a8b00000, 0x00000000a8c00000|  0%| F|  |TAMS 0x00000000a8b00000, 0x00000000a8b00000| Untracked 
| 140|0x00000000a8c00000, 0x00000000a8c00000, 0x00000000a8d00000|  0%| F|  |TAMS 0x00000000a8c00000, 0x00000000a8c00000| Untracked 
| 141|0x00000000a8d00000, 0x00000000a8d00000, 0x00000000a8e00000|  0%| F|  |TAMS 0x00000000a8d00000, 0x00000000a8d00000| Untracked 
| 142|0x00000000a8e00000, 0x00000000a8e00000, 0x00000000a8f00000|  0%| F|  |TAMS 0x00000000a8e00000, 0x00000000a8e00000| Untracked 
| 143|0x00000000a8f00000, 0x00000000a8f00000, 0x00000000a9000000|  0%| F|  |TAMS 0x00000000a8f00000, 0x00000000a8f00000| Untracked 
| 144|0x00000000a9000000, 0x00000000a9000000, 0x00000000a9100000|  0%| F|  |TAMS 0x00000000a9000000, 0x00000000a9000000| Untracked 
| 145|0x00000000a9100000, 0x00000000a9100000, 0x00000000a9200000|  0%| F|  |TAMS 0x00000000a9100000, 0x00000000a9100000| Untracked 
| 146|0x00000000a9200000, 0x00000000a9200000, 0x00000000a9300000|  0%| F|  |TAMS 0x00000000a9200000, 0x00000000a9200000| Untracked 
| 147|0x00000000a9300000, 0x00000000a9300000, 0x00000000a9400000|  0%| F|  |TAMS 0x00000000a9300000, 0x00000000a9300000| Untracked 
| 148|0x00000000a9400000, 0x00000000a9400000, 0x00000000a9500000|  0%| F|  |TAMS 0x00000000a9400000, 0x00000000a9400000| Untracked 
| 149|0x00000000a9500000, 0x00000000a9500000, 0x00000000a9600000|  0%| F|  |TAMS 0x00000000a9500000, 0x00000000a9500000| Untracked 
| 150|0x00000000a9600000, 0x00000000a9600000, 0x00000000a9700000|  0%| F|  |TAMS 0x00000000a9600000, 0x00000000a9600000| Untracked 
| 151|0x00000000a9700000, 0x00000000a9700000, 0x00000000a9800000|  0%| F|  |TAMS 0x00000000a9700000, 0x00000000a9700000| Untracked 

Card table byte_map: [0x0000019b57e10000,0x0000019b58110000] _byte_map_base: 0x0000019b57910000

Marking Bits (Prev, Next): (CMBitMap*) 0x0000019b4388fd20, (CMBitMap*) 0x0000019b4388fce0
 Prev Bits: [0x0000019b59c10000, 0x0000019b5b410000)
 Next Bits: [0x0000019b58410000, 0x0000019b59c10000)

Polling page: 0x0000019b43910000

Metaspace:

Usage:
  Non-class:     69.37 MB used.
      Class:     10.29 MB used.
       Both:     79.66 MB used.

Virtual space:
  Non-class space:       72.00 MB reserved,      69.69 MB ( 97%) committed,  9 nodes.
      Class space:        1.00 GB reserved,      10.56 MB (  1%) committed,  1 nodes.
             Both:        1.07 GB reserved,      80.25 MB (  7%) committed. 

Chunk freelists:
   Non-Class:  2.36 MB
       Class:  1.37 MB
        Both:  3.73 MB

MaxMetaspaceSize: unlimited
CompressedClassSpaceSize: 1.00 GB
Initial GC threshold: 21.00 MB
Current GC threshold: 133.75 MB
CDS: off
MetaspaceReclaimPolicy: balanced
 - commit_granule_bytes: 65536.
 - commit_granule_words: 8192.
 - virtual_space_node_default_size: 1048576.
 - enlarge_chunks_in_place: 1.
 - new_chunks_are_fully_committed: 0.
 - uncommit_free_chunks: 1.
 - use_allocation_guard: 0.
 - handle_deallocations: 1.


Internal statistics:

num_allocs_failed_limit: 6.
num_arena_births: 586.
num_arena_deaths: 14.
num_vsnodes_births: 10.
num_vsnodes_deaths: 0.
num_space_committed: 1284.
num_space_uncommitted: 0.
num_chunks_returned_to_freelist: 35.
num_chunks_taken_from_freelist: 3175.
num_chunk_merges: 6.
num_chunk_splits: 2172.
num_chunks_enlarged: 1561.
num_purges: 10.
num_inconsistent_stats: 0.

CodeHeap 'non-profiled nmethods': size=120000Kb used=7314Kb max_used=7479Kb free=112686Kb
 bounds [0x0000019b4ffc0000, 0x0000019b50710000, 0x0000019b574f0000]
CodeHeap 'profiled nmethods': size=120000Kb used=17600Kb max_used=17600Kb free=102400Kb
 bounds [0x0000019b484f0000, 0x0000019b49630000, 0x0000019b4fa20000]
CodeHeap 'non-nmethods': size=5760Kb used=2414Kb max_used=2499Kb free=3345Kb
 bounds [0x0000019b4fa20000, 0x0000019b4fcb0000, 0x0000019b4ffc0000]
 total_blobs=10167 nmethods=9212 adapters=866
 compilation: enabled
              stopped_count=0, restarted_count=0
 full_count=0

Compilation events (20 events):
Event: 443.901 Thread 0x0000019b5da8d9f0 11633       3       groovyjarjarantlr4.v4.runtime.atn.SingletonPredictionContext::equals (65 bytes)
Event: 443.901 Thread 0x0000019b5da8d9f0 nmethod 11633 0x0000019b4961e410 code [0x0000019b4961e5e0, 0x0000019b4961eb88]
Event: 443.901 Thread 0x0000019b5da8d9f0 11634       3       groovyjarjarantlr4.v4.runtime.atn.ParserATNSimulator::getEpsilonTarget (147 bytes)
Event: 443.902 Thread 0x0000019b5da8d9f0 nmethod 11634 0x0000019b4961ec90 code [0x0000019b4961ef20, 0x0000019b4961fc98]
Event: 443.902 Thread 0x0000019b5da8d9f0 11635       3       groovyjarjarantlr4.v4.runtime.atn.PredictionContextCache::getChild (74 bytes)
Event: 443.902 Thread 0x0000019b5da820c0 11636       4       groovyjarjarantlr4.v4.runtime.atn.PredictionContextCache$PredictionContextAndInt::<init> (15 bytes)
Event: 443.902 Thread 0x0000019b5da8d9f0 nmethod 11635 0x0000019b4961ff90 code [0x0000019b496201c0, 0x0000019b49620aa8]
Event: 443.903 Thread 0x0000019b5da820c0 nmethod 11636 0x0000019b501f5b10 code [0x0000019b501f5c80, 0x0000019b501f5dd8]
Event: 443.905 Thread 0x0000019b5da820c0 11637       4       groovyjarjarantlr4.v4.runtime.atn.ParserATNSimulator::getEpsilonTarget (147 bytes)
Event: 444.064 Thread 0x0000019b5da820c0 nmethod 11637 0x0000019b505d4e10 code [0x0000019b505d52a0, 0x0000019b505d8be8]
Event: 444.065 Thread 0x0000019b5da820c0 11639       4       groovyjarjarantlr4.v4.runtime.atn.PredictionContextCache::getChild (74 bytes)
Event: 444.156 Thread 0x0000019b5da820c0 nmethod 11639 0x0000019b505d0690 code [0x0000019b505d0a00, 0x0000019b505d31f0]
Event: 444.156 Thread 0x0000019b5da820c0 11641       4       groovyjarjarantlr4.v4.runtime.atn.SingletonPredictionContext::equals (65 bytes)
Event: 444.158 Thread 0x0000019b5da820c0 nmethod 11641 0x0000019b501f5710 code [0x0000019b501f58a0, 0x0000019b501f59b8]
Event: 444.158 Thread 0x0000019b5da820c0 11638       4       groovyjarjarantlr4.v4.runtime.atn.ArrayPredictionContext::equals (47 bytes)
Event: 444.162 Thread 0x0000019b5da820c0 nmethod 11638 0x0000019b505d0110 code [0x0000019b505d02a0, 0x0000019b505d04e8]
Event: 444.404 Thread 0x0000019b5da8d9f0 11642       3       org.apache.groovy.parser.antlr4.SemanticPredicates::isInvalidLocalVariableDeclaration (194 bytes)
Event: 444.405 Thread 0x0000019b5da8d9f0 nmethod 11642 0x0000019b49620d90 code [0x0000019b49621040, 0x0000019b49621d58]
Event: 444.421 Thread 0x0000019b5da8d9f0 11643   !   3       org.apache.groovy.parser.antlr4.GroovyParser::namePart (208 bytes)
Event: 444.422 Thread 0x0000019b5da8d9f0 nmethod 11643 0x0000019b49622190 code [0x0000019b49622440, 0x0000019b496233e8]

GC Heap History (20 events):
Event: 428.083 GC heap after
{Heap after GC invocations=133 (full 0):
 garbage-first heap   total 155648K, used 73863K [0x00000000a0000000, 0x0000000100000000)
  region size 1024K, 5 young (5120K), 5 survivors (5120K)
 Metaspace       used 75967K, committed 76544K, reserved 1122304K
  class space    used 9843K, committed 10112K, reserved 1048576K
}
Event: 431.964 GC heap before
{Heap before GC invocations=133 (full 0):
 garbage-first heap   total 155648K, used 104583K [0x00000000a0000000, 0x0000000100000000)
  region size 1024K, 36 young (36864K), 5 survivors (5120K)
 Metaspace       used 78553K, committed 79168K, reserved 1122304K
  class space    used 10151K, committed 10432K, reserved 1048576K
}
Event: 432.003 GC heap after
{Heap after GC invocations=134 (full 0):
 garbage-first heap   total 155648K, used 76146K [0x00000000a0000000, 0x0000000100000000)
  region size 1024K, 7 young (7168K), 7 survivors (7168K)
 Metaspace       used 78553K, committed 79168K, reserved 1122304K
  class space    used 10151K, committed 10432K, reserved 1048576K
}
Event: 438.737 GC heap before
{Heap before GC invocations=135 (full 0):
 garbage-first heap   total 155648K, used 126322K [0x00000000a0000000, 0x0000000100000000)
  region size 1024K, 56 young (57344K), 7 survivors (7168K)
 Metaspace       used 81574K, committed 82176K, reserved 1122304K
  class space    used 10547K, committed 10816K, reserved 1048576K
}
Event: 438.774 GC heap after
{Heap after GC invocations=136 (full 0):
 garbage-first heap   total 155648K, used 77635K [0x00000000a0000000, 0x0000000100000000)
  region size 1024K, 5 young (5120K), 5 survivors (5120K)
 Metaspace       used 81574K, committed 82176K, reserved 1122304K
  class space    used 10547K, committed 10816K, reserved 1048576K
}
Event: 438.800 GC heap before
{Heap before GC invocations=136 (full 0):
 garbage-first heap   total 155648K, used 79683K [0x00000000a0000000, 0x0000000100000000)
  region size 1024K, 7 young (7168K), 5 survivors (5120K)
 Metaspace       used 81574K, committed 82176K, reserved 1122304K
  class space    used 10547K, committed 10816K, reserved 1048576K
}
Event: 438.819 GC heap after
{Heap after GC invocations=137 (full 0):
 garbage-first heap   total 155648K, used 72334K [0x00000000a0000000, 0x0000000100000000)
  region size 1024K, 1 young (1024K), 1 survivors (1024K)
 Metaspace       used 81574K, committed 82176K, reserved 1122304K
  class space    used 10547K, committed 10816K, reserved 1048576K
}
Event: 440.292 GC heap before
{Heap before GC invocations=137 (full 0):
 garbage-first heap   total 155648K, used 127630K [0x00000000a0000000, 0x0000000100000000)
  region size 1024K, 55 young (56320K), 1 survivors (1024K)
 Metaspace       used 81592K, committed 82176K, reserved 1122304K
  class space    used 10547K, committed 10816K, reserved 1048576K
}
Event: 440.296 GC heap after
{Heap after GC invocations=138 (full 0):
 garbage-first heap   total 155648K, used 72998K [0x00000000a0000000, 0x0000000100000000)
  region size 1024K, 2 young (2048K), 2 survivors (2048K)
 Metaspace       used 81592K, committed 82176K, reserved 1122304K
  class space    used 10547K, committed 10816K, reserved 1048576K
}
Event: 440.992 GC heap before
{Heap before GC invocations=139 (full 0):
 garbage-first heap   total 155648K, used 128294K [0x00000000a0000000, 0x0000000100000000)
  region size 1024K, 56 young (57344K), 2 survivors (2048K)
 Metaspace       used 81553K, committed 82176K, reserved 1122304K
  class space    used 10532K, committed 10816K, reserved 1048576K
}
Event: 440.999 GC heap after
{Heap after GC invocations=140 (full 0):
 garbage-first heap   total 155648K, used 74003K [0x00000000a0000000, 0x0000000100000000)
  region size 1024K, 3 young (3072K), 3 survivors (3072K)
 Metaspace       used 81553K, committed 82176K, reserved 1122304K
  class space    used 10532K, committed 10816K, reserved 1048576K
}
Event: 441.119 GC heap before
{Heap before GC invocations=140 (full 0):
 garbage-first heap   total 155648K, used 78099K [0x00000000a0000000, 0x0000000100000000)
  region size 1024K, 7 young (7168K), 3 survivors (3072K)
 Metaspace       used 81553K, committed 82176K, reserved 1122304K
  class space    used 10532K, committed 10816K, reserved 1048576K
}
Event: 441.133 GC heap after
{Heap after GC invocations=141 (full 0):
 garbage-first heap   total 155648K, used 73044K [0x00000000a0000000, 0x0000000100000000)
  region size 1024K, 1 young (1024K), 1 survivors (1024K)
 Metaspace       used 81553K, committed 82176K, reserved 1122304K
  class space    used 10532K, committed 10816K, reserved 1048576K
}
Event: 442.166 GC heap before
{Heap before GC invocations=141 (full 0):
 garbage-first heap   total 155648K, used 129364K [0x00000000a0000000, 0x0000000100000000)
  region size 1024K, 56 young (57344K), 1 survivors (1024K)
 Metaspace       used 81560K, committed 82176K, reserved 1122304K
  class space    used 10532K, committed 10816K, reserved 1048576K
}
Event: 442.169 GC heap after
{Heap after GC invocations=142 (full 0):
 garbage-first heap   total 155648K, used 73615K [0x00000000a0000000, 0x0000000100000000)
  region size 1024K, 1 young (1024K), 1 survivors (1024K)
 Metaspace       used 81560K, committed 82176K, reserved 1122304K
  class space    used 10532K, committed 10816K, reserved 1048576K
}
Event: 443.387 GC heap before
{Heap before GC invocations=143 (full 0):
 garbage-first heap   total 155648K, used 130959K [0x00000000a0000000, 0x0000000100000000)
  region size 1024K, 57 young (58368K), 1 survivors (1024K)
 Metaspace       used 81566K, committed 82176K, reserved 1122304K
  class space    used 10532K, committed 10816K, reserved 1048576K
}
Event: 443.393 GC heap after
{Heap after GC invocations=144 (full 0):
 garbage-first heap   total 155648K, used 74699K [0x00000000a0000000, 0x0000000100000000)
  region size 1024K, 2 young (2048K), 2 survivors (2048K)
 Metaspace       used 81566K, committed 82176K, reserved 1122304K
  class space    used 10532K, committed 10816K, reserved 1048576K
}
Event: 443.474 GC heap before
{Heap before GC invocations=144 (full 0):
 garbage-first heap   total 155648K, used 79819K [0x00000000a0000000, 0x0000000100000000)
  region size 1024K, 7 young (7168K), 2 survivors (2048K)
 Metaspace       used 81566K, committed 82176K, reserved 1122304K
  class space    used 10532K, committed 10816K, reserved 1048576K
}
Event: 443.493 GC heap after
{Heap after GC invocations=145 (full 0):
 garbage-first heap   total 155648K, used 73953K [0x00000000a0000000, 0x0000000100000000)
  region size 1024K, 1 young (1024K), 1 survivors (1024K)
 Metaspace       used 81566K, committed 82176K, reserved 1122304K
  class space    used 10532K, committed 10816K, reserved 1048576K
}
Event: 444.546 GC heap before
{Heap before GC invocations=145 (full 0):
 garbage-first heap   total 155648K, used 131297K [0x00000000a0000000, 0x0000000100000000)
  region size 1024K, 57 young (58368K), 1 survivors (1024K)
 Metaspace       used 81572K, committed 82176K, reserved 1122304K
  class space    used 10532K, committed 10816K, reserved 1048576K
}

Dll operation events (2 events):
Event: 0.038 Loaded shared library C:\Program Files\Android\Android Studio\jbr\bin\java.dll
Event: 5.657 Loaded shared library C:\Program Files\Android\Android Studio\jbr\bin\verify.dll

Deoptimization events (20 events):
Event: 443.898 Thread 0x0000019b5ff793b0 Uncommon trap: trap_request=0xffffffde fr.pc=0x0000019b5003830c relative=0x00000000000001ec
Event: 443.898 Thread 0x0000019b5ff793b0 Uncommon trap: reason=class_check action=maybe_recompile pc=0x0000019b5003830c method=groovyjarjarantlr4.v4.runtime.atn.ArrayPredictionContext.equals(Ljava/lang/Object;)Z @ 8 c2
Event: 443.898 Thread 0x0000019b5ff793b0 DEOPT PACKING pc=0x0000019b5003830c sp=0x0000005a36af0290
Event: 443.898 Thread 0x0000019b5ff793b0 DEOPT UNPACKING pc=0x0000019b4fa769a3 sp=0x0000005a36af0248 mode 2
Event: 443.898 Thread 0x0000019b5ff793b0 Uncommon trap: trap_request=0xffffff45 fr.pc=0x0000019b4ffe65fc relative=0x00000000000000dc
Event: 443.898 Thread 0x0000019b5ff793b0 Uncommon trap: reason=unstable_if action=reinterpret pc=0x0000019b4ffe65fc method=groovyjarjarantlr4.v4.runtime.atn.SingletonPredictionContext.equals(Ljava/lang/Object;)Z @ 56 c2
Event: 443.898 Thread 0x0000019b5ff793b0 DEOPT PACKING pc=0x0000019b4ffe65fc sp=0x0000005a36af02f0
Event: 443.898 Thread 0x0000019b5ff793b0 DEOPT UNPACKING pc=0x0000019b4fa769a3 sp=0x0000005a36af0288 mode 2
Event: 443.898 Thread 0x0000019b5ff793b0 Uncommon trap: trap_request=0xffffffde fr.pc=0x0000019b5003830c relative=0x00000000000001ec
Event: 443.898 Thread 0x0000019b5ff793b0 Uncommon trap: reason=class_check action=maybe_recompile pc=0x0000019b5003830c method=groovyjarjarantlr4.v4.runtime.atn.ArrayPredictionContext.equals(Ljava/lang/Object;)Z @ 8 c2
Event: 443.898 Thread 0x0000019b5ff793b0 DEOPT PACKING pc=0x0000019b5003830c sp=0x0000005a36af01a0
Event: 443.898 Thread 0x0000019b5ff793b0 DEOPT UNPACKING pc=0x0000019b4fa769a3 sp=0x0000005a36af0168 mode 2
Event: 443.900 Thread 0x0000019b5ff793b0 Uncommon trap: trap_request=0xffffff45 fr.pc=0x0000019b502054d4 relative=0x00000000000033b4
Event: 443.900 Thread 0x0000019b5ff793b0 Uncommon trap: reason=unstable_if action=reinterpret pc=0x0000019b502054d4 method=groovyjarjarantlr4.v4.runtime.atn.SingletonPredictionContext.equals(Ljava/lang/Object;)Z @ 56 c2
Event: 443.900 Thread 0x0000019b5ff793b0 DEOPT PACKING pc=0x0000019b502054d4 sp=0x0000005a36af0c60
Event: 443.900 Thread 0x0000019b5ff793b0 DEOPT UNPACKING pc=0x0000019b4fa769a3 sp=0x0000005a36af0978 mode 2
Event: 443.901 Thread 0x0000019b5ff793b0 Uncommon trap: trap_request=0xffffff45 fr.pc=0x0000019b5002dc80 relative=0x0000000000000660
Event: 443.901 Thread 0x0000019b5ff793b0 Uncommon trap: reason=unstable_if action=reinterpret pc=0x0000019b5002dc80 method=groovyjarjarantlr4.v4.runtime.atn.PredictionContextCache$PredictionContextAndInt.equals(Ljava/lang/Object;)Z @ 61 c2
Event: 443.901 Thread 0x0000019b5ff793b0 DEOPT PACKING pc=0x0000019b5002dc80 sp=0x0000005a36af0b60
Event: 443.901 Thread 0x0000019b5ff793b0 DEOPT UNPACKING pc=0x0000019b4fa769a3 sp=0x0000005a36af09c0 mode 2

Classes unloaded (20 events):
Event: 124.759 Thread 0x0000019b5da1ef80 Unloading class 0x00000001006e4560 '_BuildScript_$_run_closure1'
Event: 124.759 Thread 0x0000019b5da1ef80 Unloading class 0x00000001006e4000 '_BuildScript_'
Event: 432.562 Thread 0x0000019b5da1ef80 Unloading class 0x000000010081a410 '_BuildScript_$_run_closure4'
Event: 432.563 Thread 0x0000019b5da1ef80 Unloading class 0x000000010081a000 '_BuildScript_$_run_closure3'
Event: 432.563 Thread 0x0000019b5da1ef80 Unloading class 0x0000000100819820 '_BuildScript_$_run_closure2'
Event: 432.563 Thread 0x0000019b5da1ef80 Unloading class 0x0000000100819410 '_BuildScript_$_run_closure1$_closure5'
Event: 432.563 Thread 0x0000019b5da1ef80 Unloading class 0x0000000100819000 '_BuildScript_$_run_closure1'
Event: 432.563 Thread 0x0000019b5da1ef80 Unloading class 0x0000000100818800 '_BuildScript_'
Event: 440.455 Thread 0x0000019b5da1ef80 Unloading class 0x0000000100aa4000 '_BuildScript_'
Event: 440.455 Thread 0x0000019b5da1ef80 Unloading class 0x0000000100824820 '_BuildScript_$_run_closure4'
Event: 440.455 Thread 0x0000019b5da1ef80 Unloading class 0x0000000100824410 '_BuildScript_$_run_closure3'
Event: 440.455 Thread 0x0000019b5da1ef80 Unloading class 0x0000000100824000 '_BuildScript_$_run_closure2$_closure9$_closure10'
Event: 440.455 Thread 0x0000019b5da1ef80 Unloading class 0x0000000100823860 '_BuildScript_$_run_closure2$_closure9'
Event: 440.455 Thread 0x0000019b5da1ef80 Unloading class 0x0000000100823450 '_BuildScript_$_run_closure2$_closure8'
Event: 440.455 Thread 0x0000019b5da1ef80 Unloading class 0x0000000100823040 '_BuildScript_$_run_closure2$_closure7'
Event: 440.455 Thread 0x0000019b5da1ef80 Unloading class 0x0000000100822c30 '_BuildScript_$_run_closure2$_closure6'
Event: 440.455 Thread 0x0000019b5da1ef80 Unloading class 0x0000000100822820 '_BuildScript_$_run_closure2$_closure5'
Event: 440.455 Thread 0x0000019b5da1ef80 Unloading class 0x0000000100822410 '_BuildScript_$_run_closure2'
Event: 440.456 Thread 0x0000019b5da1ef80 Unloading class 0x0000000100822000 '_BuildScript_$_run_closure1'
Event: 440.456 Thread 0x0000019b5da1ef80 Unloading class 0x0000000100821800 '_BuildScript_'

Classes redefined (0 events):
No events

Internal exceptions (20 events):
Event: 437.008 Thread 0x0000019b5ff793b0 Exception <a 'java/lang/ClassNotFoundException'{0x00000000a7a5a518}: org/jetbrains/kotlin/gradle/targets/js/npm/DefaultNpmDependencyExtensionBeanInfo> (0x00000000a7a5a518) 
thrown [s\src\hotspot\share\classfile\systemDictionary.cpp, line 256]
Event: 437.009 Thread 0x0000019b5ff793b0 Exception <a 'java/lang/ClassNotFoundException'{0x00000000a7a68c30}: org/jetbrains/kotlin/gradle/targets/js/npm/DefaultNpmDependencyExtensionCustomizer> (0x00000000a7a68c30) 
thrown [s\src\hotspot\share\classfile\systemDictionary.cpp, line 256]
Event: 437.040 Thread 0x0000019b5ff793b0 Exception <a 'java/lang/ClassNotFoundException'{0x00000000a7ae1a00}: org/jetbrains/kotlin/gradle/targets/js/npm/NpmDependencyExtensionKt$defaultNpmDependencyDelegate$1BeanInfo> (0x00000000a7ae1a00) 
thrown [s\src\hotspot\share\classfile\systemDictionary.cpp, line 256]
Event: 437.043 Thread 0x0000019b5ff793b0 Exception <a 'java/lang/ClassNotFoundException'{0x00000000a7af0160}: org/jetbrains/kotlin/gradle/targets/js/npm/NpmDependencyExtensionDelegateBeanInfo> (0x00000000a7af0160) 
thrown [s\src\hotspot\share\classfile\systemDictionary.cpp, line 256]
Event: 437.044 Thread 0x0000019b5ff793b0 Exception <a 'java/lang/ClassNotFoundException'{0x00000000a7afe888}: org/jetbrains/kotlin/gradle/targets/js/npm/NpmDependencyExtensionDelegateCustomizer> (0x00000000a7afe888) 
thrown [s\src\hotspot\share\classfile\systemDictionary.cpp, line 256]
Event: 437.048 Thread 0x0000019b5ff793b0 Exception <a 'java/lang/ClassNotFoundException'{0x00000000a792b398}: org/jetbrains/kotlin/gradle/targets/js/npm/NpmDependencyExtensionKt$defaultNpmDependencyDelegate$1Customizer> (0x00000000a792b398) 
thrown [s\src\hotspot\share\classfile\systemDictionary.cpp, line 256]
Event: 437.059 Thread 0x0000019b5ff793b0 Exception <a 'java/lang/ClassNotFoundException'{0x00000000a79666d8}: org/jetbrains/kotlin/gradle/targets/js/npm/DefaultDevNpmDependencyExtensionBeanInfo> (0x00000000a79666d8) 
thrown [s\src\hotspot\share\classfile\systemDictionary.cpp, line 256]
Event: 437.061 Thread 0x0000019b5ff793b0 Exception <a 'java/lang/ClassNotFoundException'{0x00000000a7974e08}: org/jetbrains/kotlin/gradle/targets/js/npm/DefaultDevNpmDependencyExtensionCustomizer> (0x00000000a7974e08) 
thrown [s\src\hotspot\share\classfile\systemDictionary.cpp, line 256]
Event: 437.077 Thread 0x0000019b5ff793b0 Exception <a 'java/lang/ClassNotFoundException'{0x00000000a79b5e70}: org/jetbrains/kotlin/gradle/targets/js/npm/DefaultPeerNpmDependencyExtensionBeanInfo> (0x00000000a79b5e70) 
thrown [s\src\hotspot\share\classfile\systemDictionary.cpp, line 256]
Event: 437.079 Thread 0x0000019b5ff793b0 Exception <a 'java/lang/ClassNotFoundException'{0x00000000a79c45b0}: org/jetbrains/kotlin/gradle/targets/js/npm/DefaultPeerNpmDependencyExtensionCustomizer> (0x00000000a79c45b0) 
thrown [s\src\hotspot\share\classfile\systemDictionary.cpp, line 256]
Event: 437.110 Thread 0x0000019b5ff793b0 Exception <a 'java/lang/ClassNotFoundException'{0x00000000a710bb80}: org/jetbrains/kotlin/gradle/targets/js/npm/DefaultPeerNpmDependencyExtension$delegate$1BeanInfo> (0x00000000a710bb80) 
thrown [s\src\hotspot\share\classfile\systemDictionary.cpp, line 256]
Event: 437.113 Thread 0x0000019b5ff793b0 Exception <a 'java/lang/ClassNotFoundException'{0x00000000a711a428}: org/jetbrains/kotlin/gradle/targets/js/npm/DefaultPeerNpmDependencyExtension$delegate$1Customizer> (0x00000000a711a428) 
thrown [s\src\hotspot\share\classfile\systemDictionary.cpp, line 256]
Event: 437.316 Thread 0x0000019b5f34e6e0 Exception <a 'sun/nio/fs/WindowsException'{0x00000000a7004680}> (0x00000000a7004680) 
thrown [s\src\hotspot\share\prims\jni.cpp, line 517]
Event: 437.324 Thread 0x0000019b5f34e6e0 Exception <a 'sun/nio/fs/WindowsException'{0x00000000a7018a00}> (0x00000000a7018a00) 
thrown [s\src\hotspot\share\prims\jni.cpp, line 517]
Event: 437.328 Thread 0x0000019b5f34e6e0 Exception <a 'sun/nio/fs/WindowsException'{0x00000000a7018b78}> (0x00000000a7018b78) 
thrown [s\src\hotspot\share\prims\jni.cpp, line 517]
Event: 437.720 Thread 0x0000019b5f350d60 Exception <a 'sun/nio/fs/WindowsException'{0x00000000a6f856b8}> (0x00000000a6f856b8) 
thrown [s\src\hotspot\share\prims\jni.cpp, line 517]
Event: 437.899 Thread 0x0000019b5f350d60 Exception <a 'sun/nio/fs/WindowsException'{0x00000000a6f95840}> (0x00000000a6f95840) 
thrown [s\src\hotspot\share\prims\jni.cpp, line 517]
Event: 437.899 Thread 0x0000019b5f350d60 Exception <a 'sun/nio/fs/WindowsException'{0x00000000a6f959b0}> (0x00000000a6f959b0) 
thrown [s\src\hotspot\share\prims\jni.cpp, line 517]
Event: 437.911 Thread 0x0000019b5ff793b0 Exception <a 'java/lang/ClassNotFoundException'{0x00000000a6fe9cd0}: flutter_buq5m2qolwfcdoan8iv26i0voBeanInfo> (0x00000000a6fe9cd0) 
thrown [s\src\hotspot\share\classfile\systemDictionary.cpp, line 256]
Event: 437.912 Thread 0x0000019b5ff793b0 Exception <a 'java/lang/ClassNotFoundException'{0x00000000a6ff5620}: flutter_buq5m2qolwfcdoan8iv26i0voCustomizer> (0x00000000a6ff5620) 
thrown [s\src\hotspot\share\classfile\systemDictionary.cpp, line 256]

VM Operations (20 events):
Event: 440.608 Executing VM operation: G1Concurrent done
Event: 440.992 Executing VM operation: G1CollectForAllocation
Event: 440.999 Executing VM operation: G1CollectForAllocation done
Event: 441.119 Executing VM operation: G1CollectForAllocation
Event: 441.134 Executing VM operation: G1CollectForAllocation done
Event: 442.141 Executing VM operation: Cleanup
Event: 442.158 Executing VM operation: Cleanup done
Event: 442.166 Executing VM operation: G1CollectForAllocation
Event: 442.170 Executing VM operation: G1CollectForAllocation done
Event: 442.336 Executing VM operation: G1Concurrent
Event: 442.350 Executing VM operation: G1Concurrent done
Event: 442.424 Executing VM operation: G1Concurrent
Event: 442.622 Executing VM operation: G1Concurrent done
Event: 443.387 Executing VM operation: G1CollectForAllocation
Event: 443.393 Executing VM operation: G1CollectForAllocation done
Event: 443.474 Executing VM operation: G1CollectForAllocation
Event: 443.493 Executing VM operation: G1CollectForAllocation done
Event: 444.494 Executing VM operation: Cleanup
Event: 444.531 Executing VM operation: Cleanup done
Event: 444.546 Executing VM operation: G1CollectForAllocation

Events (20 events):
Event: 433.883 Thread 0x0000019b5da8df00 flushing nmethod 0x0000019b49365e90
Event: 433.884 Thread 0x0000019b5da8df00 flushing nmethod 0x0000019b494b0690
Event: 433.884 Thread 0x0000019b5da8df00 flushing nmethod 0x0000019b494bcf90
Event: 433.884 Thread 0x0000019b5da8df00 flushing nmethod 0x0000019b494bd690
Event: 433.884 Thread 0x0000019b5da8df00 flushing nmethod 0x0000019b494d9890
Event: 433.885 Thread 0x0000019b5da8df00 flushing nmethod 0x0000019b4957e010
Event: 434.424 loading class org/xml/sax/ContentHandler
Event: 434.426 loading class org/xml/sax/ContentHandler done
Event: 434.426 loading class org/xml/sax/DTDHandler
Event: 434.428 loading class org/xml/sax/DTDHandler done
Event: 434.502 loading class java/util/Spliterators$IntArraySpliterator
Event: 434.503 loading class java/util/Spliterators$IntArraySpliterator done
Event: 434.663 loading class java/text/CharacterIterator
Event: 434.666 loading class java/text/CharacterIterator done
Event: 434.991 loading class java/time/format/DateTimeFormatterBuilder$WeekBasedFieldPrinterParser
Event: 434.993 loading class java/time/format/DateTimeFormatterBuilder$WeekBasedFieldPrinterParser done
Event: 435.048 loading class com/sun/jmx/mbeanserver/StandardMBeanSupport
Event: 435.050 loading class com/sun/jmx/mbeanserver/StandardMBeanSupport done
Event: 435.050 loading class com/sun/jmx/mbeanserver/StandardMBeanIntrospector
Event: 435.053 loading class com/sun/jmx/mbeanserver/StandardMBeanIntrospector done


Dynamic libraries:
0x00007ff715880000 - 0x00007ff71588a000 	C:\Program Files\Android\Android Studio\jbr\bin\java.exe
0x00007ffbc5210000 - 0x00007ffbc5408000 	C:\Windows\SYSTEM32\ntdll.dll
0x00007ffbc3e90000 - 0x00007ffbc3f4d000 	C:\Windows\System32\KERNEL32.DLL
0x00007ffbc2a10000 - 0x00007ffbc2d06000 	C:\Windows\System32\KERNELBASE.dll
0x00007ffbc3160000 - 0x00007ffbc3260000 	C:\Windows\System32\ucrtbase.dll
0x00007ffbb14c0000 - 0x00007ffbb14d7000 	C:\Program Files\Android\Android Studio\jbr\bin\jli.dll
0x00007ffb9f090000 - 0x00007ffb9f0ab000 	C:\Program Files\Android\Android Studio\jbr\bin\VCRUNTIME140.dll
0x00007ffbc4730000 - 0x00007ffbc48ce000 	C:\Windows\System32\USER32.dll
0x00007ffbc2f10000 - 0x00007ffbc2f32000 	C:\Windows\System32\win32u.dll
0x00007ffbad8a0000 - 0x00007ffbadb3a000 	C:\Windows\WinSxS\amd64_microsoft.windows.common-controls_6595b64144ccf1df_6.0.19041.3636_none_60b6a03d71f818d5\COMCTL32.dll
0x00007ffbc5120000 - 0x00007ffbc514c000 	C:\Windows\System32\GDI32.dll
0x00007ffbc4470000 - 0x00007ffbc450e000 	C:\Windows\System32\msvcrt.dll
0x00007ffbc2d40000 - 0x00007ffbc2e5a000 	C:\Windows\System32\gdi32full.dll
0x00007ffbc28e0000 - 0x00007ffbc297d000 	C:\Windows\System32\msvcp_win.dll
0x00007ffbc50e0000 - 0x00007ffbc5110000 	C:\Windows\System32\IMM32.DLL
0x00007ffbb14b0000 - 0x00007ffbb14bc000 	C:\Program Files\Android\Android Studio\jbr\bin\vcruntime140_1.dll
0x00007ffb92630000 - 0x00007ffb926bd000 	C:\Program Files\Android\Android Studio\jbr\bin\msvcp140.dll
0x00007ffb30130000 - 0x00007ffb30d9e000 	C:\Program Files\Android\Android Studio\jbr\bin\server\jvm.dll
0x00007ffbc3d70000 - 0x00007ffbc3e23000 	C:\Windows\System32\ADVAPI32.dll
0x00007ffbc3f60000 - 0x00007ffbc3fff000 	C:\Windows\System32\sechost.dll
0x00007ffbc3730000 - 0x00007ffbc3856000 	C:\Windows\System32\RPCRT4.dll
0x00007ffbc2d10000 - 0x00007ffbc2d37000 	C:\Windows\System32\bcrypt.dll
0x00007ffbacf00000 - 0x00007ffbacf09000 	C:\Windows\SYSTEM32\WSOCK32.dll
0x00007ffbc46c0000 - 0x00007ffbc472b000 	C:\Windows\System32\WS2_32.dll
0x00007ffbb3220000 - 0x00007ffbb322a000 	C:\Windows\SYSTEM32\VERSION.dll
0x00007ffbaddf0000 - 0x00007ffbade17000 	C:\Windows\SYSTEM32\WINMM.dll
0x00007ffbc0790000 - 0x00007ffbc07a2000 	C:\Windows\SYSTEM32\kernel.appcore.dll
0x00007ffba47a0000 - 0x00007ffba47aa000 	C:\Program Files\Android\Android Studio\jbr\bin\jimage.dll
0x00007ffbbaaa0000 - 0x00007ffbbac84000 	C:\Windows\SYSTEM32\DBGHELP.DLL
0x00007ffb9f9a0000 - 0x00007ffb9f9d4000 	C:\Windows\SYSTEM32\dbgcore.DLL
0x00007ffbc2980000 - 0x00007ffbc2a02000 	C:\Windows\System32\bcryptPrimitives.dll
0x00007ffb99a00000 - 0x00007ffb99a25000 	C:\Program Files\Android\Android Studio\jbr\bin\java.dll
0x00007ffb981a0000 - 0x00007ffb981b8000 	C:\Program Files\Android\Android Studio\jbr\bin\zip.dll
0x00007ffbc4990000 - 0x00007ffbc50d5000 	C:\Windows\System32\SHELL32.dll
0x00007ffbc0990000 - 0x00007ffbc112b000 	C:\Windows\SYSTEM32\windows.storage.dll
0x00007ffbc3860000 - 0x00007ffbc3bb4000 	C:\Windows\System32\combase.dll
0x00007ffbc2310000 - 0x00007ffbc233d000 	C:\Windows\SYSTEM32\Wldp.dll
0x00007ffbc3680000 - 0x00007ffbc372d000 	C:\Windows\System32\SHCORE.dll
0x00007ffbc4930000 - 0x00007ffbc4985000 	C:\Windows\System32\shlwapi.dll
0x00007ffbc2810000 - 0x00007ffbc2835000 	C:\Windows\SYSTEM32\profapi.dll
0x00007ffb97b10000 - 0x00007ffb97b29000 	C:\Program Files\Android\Android Studio\jbr\bin\net.dll
0x00007ffbb9720000 - 0x00007ffbb982a000 	C:\Windows\SYSTEM32\WINHTTP.dll
0x00007ffbc2070000 - 0x00007ffbc20da000 	C:\Windows\system32\mswsock.dll
0x00007ffb97950000 - 0x00007ffb97966000 	C:\Program Files\Android\Android Studio\jbr\bin\nio.dll
0x00007ffb98190000 - 0x00007ffb981a0000 	C:\Program Files\Android\Android Studio\jbr\bin\verify.dll
0x00007ffbb2680000 - 0x00007ffbb26a7000 	C:\Users\Danillo\.gradle\native\e1d6ef7f7dcc3fd88c89a11ec53ec762bb8ba0a96d01ffa2cd45eb1d1d8dd5c5\windows-amd64\native-platform.dll
0x00007ffb910b0000 - 0x00007ffb911f4000 	C:\Users\Danillo\.gradle\native\0d407fdbe67a94daf76414ababcb853783967236a71b16ec16e742cd7a986fd3\windows-amd64\native-platform-file-events.dll
0x00007ffbb2660000 - 0x00007ffbb2669000 	C:\Program Files\Android\Android Studio\jbr\bin\management.dll
0x00007ffbb2650000 - 0x00007ffbb265b000 	C:\Program Files\Android\Android Studio\jbr\bin\management_ext.dll
0x00007ffbc3f50000 - 0x00007ffbc3f58000 	C:\Windows\System32\PSAPI.DLL
0x00007ffbc2260000 - 0x00007ffbc2278000 	C:\Windows\SYSTEM32\CRYPTSP.dll
0x00007ffbc1930000 - 0x00007ffbc1964000 	C:\Windows\system32\rsaenh.dll
0x00007ffbc27d0000 - 0x00007ffbc27fe000 	C:\Windows\SYSTEM32\USERENV.dll
0x00007ffbc2280000 - 0x00007ffbc228c000 	C:\Windows\SYSTEM32\CRYPTBASE.dll
0x00007ffbc1d10000 - 0x00007ffbc1d4b000 	C:\Windows\SYSTEM32\IPHLPAPI.DLL
0x00007ffbc5110000 - 0x00007ffbc5118000 	C:\Windows\System32\NSI.dll
0x00007ffbbb7c0000 - 0x00007ffbbb7d7000 	C:\Windows\SYSTEM32\dhcpcsvc6.DLL
0x00007ffbbb7a0000 - 0x00007ffbbb7bd000 	C:\Windows\SYSTEM32\dhcpcsvc.DLL
0x00007ffbc1d60000 - 0x00007ffbc1e2a000 	C:\Windows\SYSTEM32\DNSAPI.dll
0x00007ffbbcec0000 - 0x00007ffbbcec7000 	C:\Windows\system32\wshunix.dll
0x00007ffbb0390000 - 0x00007ffbb039a000 	C:\Windows\System32\rasadhlp.dll
0x00007ffbb0050000 - 0x00007ffbb00d0000 	C:\Windows\System32\fwpuclnt.dll
0x00007ffbc1a70000 - 0x00007ffbc1aa3000 	C:\Windows\SYSTEM32\ntmarta.dll

dbghelp: loaded successfully - version: 4.0.5 - missing functions: none
symbol engine: initialized successfully - sym options: 0x614 - pdb path: .;C:\Program Files\Android\Android Studio\jbr\bin;C:\Windows\SYSTEM32;C:\Windows\WinSxS\amd64_microsoft.windows.common-controls_6595b64144ccf1df_6.0.19041.3636_none_60b6a03d71f818d5;C:\Program Files\Android\Android Studio\jbr\bin\server;C:\Users\Danillo\.gradle\native\e1d6ef7f7dcc3fd88c89a11ec53ec762bb8ba0a96d01ffa2cd45eb1d1d8dd5c5\windows-amd64;C:\Users\Danillo\.gradle\native\0d407fdbe67a94daf76414ababcb853783967236a71b16ec16e742cd7a986fd3\windows-amd64

VM Arguments:
jvm_args: --add-opens=java.base/java.util=ALL-UNNAMED --add-opens=java.base/java.lang=ALL-UNNAMED --add-opens=java.base/java.lang.invoke=ALL-UNNAMED --add-opens=java.base/java.util=ALL-UNNAMED --add-opens=java.prefs/java.util.prefs=ALL-UNNAMED --add-opens=java.prefs/java.util.prefs=ALL-UNNAMED --add-opens=java.base/java.nio.charset=ALL-UNNAMED --add-opens=java.base/java.net=ALL-UNNAMED --add-opens=java.base/java.util.concurrent.atomic=ALL-UNNAMED -Xmx1536M -Dfile.encoding=windows-1252 -Duser.country=US -Duser.language=en -Duser.variant 
java_command: org.gradle.launcher.daemon.bootstrap.GradleDaemon 7.5
java_class_path (initial): C:\Users\Danillo\.gradle\wrapper\dists\gradle-7.5-all\6qsw290k5lz422uaf8jf6m7co\gradle-7.5\lib\gradle-launcher-7.5.jar
Launcher Type: SUN_STANDARD

[Global flags]
     intx CICompilerCount                          = 3                                         {product} {ergonomic}
     uint ConcGCThreads                            = 1                                         {product} {ergonomic}
     uint G1ConcRefinementThreads                  = 4                                         {product} {ergonomic}
   size_t G1HeapRegionSize                         = 1048576                                   {product} {ergonomic}
    uintx GCDrainStackTargetSize                   = 64                                        {product} {ergonomic}
   size_t InitialHeapSize                          = 130023424                                 {product} {ergonomic}
   size_t MarkStackSize                            = 4194304                                   {product} {ergonomic}
   size_t MaxHeapSize                              = 1610612736                                {product} {command line}
   size_t MaxNewSize                               = 965738496                                 {product} {ergonomic}
   size_t MinHeapDeltaBytes                        = 1048576                                   {product} {ergonomic}
   size_t MinHeapSize                              = 8388608                                   {product} {ergonomic}
    uintx NonNMethodCodeHeapSize                   = 5832780                                {pd product} {ergonomic}
    uintx NonProfiledCodeHeapSize                  = 122912730                              {pd product} {ergonomic}
    uintx ProfiledCodeHeapSize                     = 122912730                              {pd product} {ergonomic}
    uintx ReservedCodeCacheSize                    = 251658240                              {pd product} {ergonomic}
     bool SegmentedCodeCache                       = true                                      {product} {ergonomic}
   size_t SoftMaxHeapSize                          = 1610612736                             {manageable} {ergonomic}
     bool UseCompressedClassPointers               = true                           {product lp64_product} {ergonomic}
     bool UseCompressedOops                        = true                           {product lp64_product} {ergonomic}
     bool UseG1GC                                  = true                                      {product} {ergonomic}
     bool UseLargePagesIndividualAllocation        = false                                  {pd product} {ergonomic}

Logging:
Log output configuration:
 #0: stdout all=warning uptime,level,tags
 #1: stderr all=off uptime,level,tags

Environment Variables:
JAVA_HOME=C:\Program Files\Android\Android Studio\jbr
CLASSPATH=C:\Users\Danillo\Documents\Flutter Project\routes\android\\gradle\wrapper\gradle-wrapper.jar
PATH=C:\Program Files\Android\Android Studio\jbr\bin;C:\src\flutter\bin\;C:\Program Files\Common Files\Oracle\Java\javapath;C:\Program Files (x86)\Common Files\Intel\Shared Libraries\redist\intel64\compiler;C:\Windows\system32;C:\Windows;C:\Windows\System32\Wbem;C:\Windows\System32\WindowsPowerShell\v1.0\;C:\Windows\System32\OpenSSH\;C:\Program Files\Git\cmd;C:\Users\Danillo\AppData\Roaming\nvm;C:\Program Files\nodejs;C:\xampp_new\php;C:\ProgramData\ComposerSetup\bin;C:\Program Files\PuTTY\;C:\Program Files\dotnet\;C:\gradle\gradle-7.6.1\bin;C:\Program Files\Java\jdk-21\bin;C:\Users\Danillo\AppData\Local\Programs\Python\Python311\Scripts\;C:\Users\Danillo\AppData\Local\Programs\Python\Python311\;C:\Users\Danillo\AppData\Local\Microsoft\WindowsApps;C:\Users\Danillo\AppData\Local\Programs\Microsoft VS Code\bin;C:\Users\Danillo\AppData\Roaming\npm;C:\Users\Danillo\AppData\Roaming\nvm;C:\Program Files\nodejs;C:\Users\Danillo\AppData\Roaming\Composer\vendor\bin;C:\src\flutter\bin;;C:\src\flutter\bin\mingit\cmd
USERNAME=Danillo
LANG=en_US.UTF-8
OS=Windows_NT
PROCESSOR_IDENTIFIER=Intel64 Family 6 Model 78 Stepping 3, GenuineIntel
TMP=C:\Users\Danillo\AppData\Local\Temp
TEMP=C:\Users\Danillo\AppData\Local\Temp


JNI global refs:
JNI global refs: 24, weak refs: 0

JNI global refs memory usage: 843, weak refs: 209


---------------  S Y S T E M  ---------------

OS:
 Windows 10 , 64 bit Build 19041 (10.0.19041.3636)
OS uptime: 1 days 1:07 hours

CPU: total 4 (initial active 4) (2 cores per cpu, 2 threads per core) family 6 model 78 stepping 3 microcode 0xcc, cx8, cmov, fxsr, ht, mmx, 3dnowpref, sse, sse2, sse3, ssse3, sse4.1, sse4.2, popcnt, lzcnt, tsc, tscinvbit, avx, avx2, aes, erms, clmul, bmi1, bmi2, rtm, adx, fma, vzeroupper, clflush, clflushopt

Memory: 4k page, system-wide physical 7843M (171M free)
TotalPageFile size 31395M (AvailPageFile size 48M)
current process WorkingSet (physical memory assigned to process): 284M, peak: 290M
current process commit charge ("private bytes"): 394M, peak: 594M

vm_info: OpenJDK 64-Bit Server VM (17.0.6+0-b2043.56-10027231) for windows-amd64 JRE (17.0.6+0-b2043.56-10027231), built on Apr 28 2023 00:43:19 by "androidbuild" with MS VC++ 16.10 / 16.11 (VS2019)

END.
